<?xml version="1.0" encoding="UTF-8"?>
<testng-results skipped="0" failed="0" ignored="0" total="3" passed="3">
  <reporter-output>
  </reporter-output>
  <suite name="Default suite" duration-ms="44116" started-at="2019-11-30T12:55:45 IST" finished-at="2019-11-30T12:56:29 IST">
    <groups>
      <group name="cucumber">
        <method signature="AbstractTestNGCucumberTests.runScenario(cucumber.api.testng.PickleEventWrapper, cucumber.api.testng.CucumberFeatureWrapper)[pri:0, instance:runner.RunTestCreateLead@27a5f880]" name="runScenario" class="cucumber.api.testng.AbstractTestNGCucumberTests"/>
      </group> <!-- cucumber -->
    </groups>
    <test name="Default test" duration-ms="44116" started-at="2019-11-30T12:55:45 IST" finished-at="2019-11-30T12:56:29 IST">
      <class name="runner.RunTestCreateLead">
        <test-method status="PASS" signature="setUpClass()[pri:0, instance:runner.RunTestCreateLead@27a5f880]" name="setUpClass" is-config="true" duration-ms="301" started-at="2019-11-30T12:55:45 IST" finished-at="2019-11-30T12:55:45 IST">
          <reporter-output>
          </reporter-output>
        </test-method> <!-- setUpClass -->
        <test-method status="PASS" signature="runScenario(cucumber.api.testng.PickleEventWrapper, cucumber.api.testng.CucumberFeatureWrapper)[pri:0, instance:runner.RunTestCreateLead@27a5f880]" name="runScenario" duration-ms="16953" started-at="2019-11-30T12:55:45 IST" description="Runs Cucumber Scenarios" data-provider="scenarios" finished-at="2019-11-30T12:56:02 IST">
          <params>
            <param index="0">
              <value>
                <![CDATA["TC001 Positive Flow for Create Lead in TestLeaf Application"]]>
              </value>
            </param>
            <param index="1">
              <value>
                <![CDATA["Create Lead in TestLeaf Application"]]>
              </value>
            </param>
          </params>
          <reporter-output>
          </reporter-output>
        </test-method> <!-- runScenario -->
        <test-method status="PASS" signature="runScenario(cucumber.api.testng.PickleEventWrapper, cucumber.api.testng.CucumberFeatureWrapper)[pri:0, instance:runner.RunTestCreateLead@27a5f880]" name="runScenario" duration-ms="13696" started-at="2019-11-30T12:56:02 IST" description="Runs Cucumber Scenarios" data-provider="scenarios" finished-at="2019-11-30T12:56:16 IST">
          <params>
            <param index="0">
              <value>
                <![CDATA["TC001 Positive Flow for Create Lead in TestLeaf Application"]]>
              </value>
            </param>
            <param index="1">
              <value>
                <![CDATA["Create Lead in TestLeaf Application"]]>
              </value>
            </param>
          </params>
          <reporter-output>
          </reporter-output>
        </test-method> <!-- runScenario -->
        <test-method status="PASS" signature="runScenario(cucumber.api.testng.PickleEventWrapper, cucumber.api.testng.CucumberFeatureWrapper)[pri:0, instance:runner.RunTestCreateLead@27a5f880]" name="runScenario" duration-ms="12875" started-at="2019-11-30T12:56:16 IST" description="Runs Cucumber Scenarios" data-provider="scenarios" finished-at="2019-11-30T12:56:29 IST">
          <params>
            <param index="0">
              <value>
                <![CDATA["TC001 Positive Flow for Create Lead in TestLeaf Application"]]>
              </value>
            </param>
            <param index="1">
              <value>
                <![CDATA["Create Lead in TestLeaf Application"]]>
              </value>
            </param>
          </params>
          <reporter-output>
          </reporter-output>
        </test-method> <!-- runScenario -->
        <test-method status="PASS" signature="tearDownClass()[pri:0, instance:runner.RunTestCreateLead@27a5f880]" name="tearDownClass" is-config="true" duration-ms="16" started-at="2019-11-30T12:56:29 IST" finished-at="2019-11-30T12:56:29 IST">
          <reporter-output>
          </reporter-output>
        </test-method> <!-- tearDownClass -->
      </class> <!-- runner.RunTestCreateLead -->
    </test> <!-- Default test -->
  </suite> <!-- Default suite -->
</testng-results>
